<?xml version="1.0" encoding="UTF-8"?>
<testsuite xmlns:xsi="http://www.w3.org/2001/XMLSchema-instance" xsi:noNamespaceSchemaLocation="https://maven.apache.org/surefire/maven-surefire-plugin/xsd/surefire-test-report-3.0.xsd" version="3.0" name="git.yannynz.organizadorproducao.service.OrderStatusRulesTest" time="0.052" tests="4" errors="0" skipped="0" failures="0">
  <properties>
    <property name="java.specification.version" value="23"/>
    <property name="sun.jnu.encoding" value="UTF-8"/>
    <property name="java.class.path" value="/home/ynz/Documentos/organizador-producao/target/test-classes:/home/ynz/Documentos/organizador-producao/target/classes:/home/ynz/.m2/repository/org/springframework/boot/spring-boot-starter-web/3.3.0/spring-boot-starter-web-3.3.0.jar:/home/ynz/.m2/repository/org/springframework/boot/spring-boot-starter/3.3.0/spring-boot-starter-3.3.0.jar:/home/ynz/.m2/repository/org/springframework/boot/spring-boot-starter-logging/3.3.0/spring-boot-starter-logging-3.3.0.jar:/home/ynz/.m2/repository/ch/qos/logback/logback-classic/1.5.6/logback-classic-1.5.6.jar:/home/ynz/.m2/repository/ch/qos/logback/logback-core/1.5.6/logback-core-1.5.6.jar:/home/ynz/.m2/repository/org/apache/logging/log4j/log4j-to-slf4j/2.23.1/log4j-to-slf4j-2.23.1.jar:/home/ynz/.m2/repository/org/apache/logging/log4j/log4j-api/2.23.1/log4j-api-2.23.1.jar:/home/ynz/.m2/repository/org/slf4j/jul-to-slf4j/2.0.13/jul-to-slf4j-2.0.13.jar:/home/ynz/.m2/repository/jakarta/annotation/jakarta.annotation-api/2.1.1/jakarta.annotation-api-2.1.1.jar:/home/ynz/.m2/repository/org/yaml/snakeyaml/2.2/snakeyaml-2.2.jar:/home/ynz/.m2/repository/org/springframework/boot/spring-boot-starter-json/3.3.0/spring-boot-starter-json-3.3.0.jar:/home/ynz/.m2/repository/com/fasterxml/jackson/datatype/jackson-datatype-jdk8/2.17.1/jackson-datatype-jdk8-2.17.1.jar:/home/ynz/.m2/repository/com/fasterxml/jackson/datatype/jackson-datatype-jsr310/2.17.1/jackson-datatype-jsr310-2.17.1.jar:/home/ynz/.m2/repository/com/fasterxml/jackson/module/jackson-module-parameter-names/2.17.1/jackson-module-parameter-names-2.17.1.jar:/home/ynz/.m2/repository/org/springframework/boot/spring-boot-starter-tomcat/3.3.0/spring-boot-starter-tomcat-3.3.0.jar:/home/ynz/.m2/repository/org/apache/tomcat/embed/tomcat-embed-core/10.1.24/tomcat-embed-core-10.1.24.jar:/home/ynz/.m2/repository/org/apache/tomcat/embed/tomcat-embed-el/10.1.24/tomcat-embed-el-10.1.24.jar:/home/ynz/.m2/repository/org/apache/tomcat/embed/tomcat-embed-websocket/10.1.24/tomcat-embed-websocket-10.1.24.jar:/home/ynz/.m2/repository/org/springframework/spring-web/6.1.8/spring-web-6.1.8.jar:/home/ynz/.m2/repository/org/springframework/spring-beans/6.1.8/spring-beans-6.1.8.jar:/home/ynz/.m2/repository/org/springframework/spring-webmvc/6.1.8/spring-webmvc-6.1.8.jar:/home/ynz/.m2/repository/org/springframework/spring-aop/6.1.8/spring-aop-6.1.8.jar:/home/ynz/.m2/repository/org/springframework/spring-context/6.1.8/spring-context-6.1.8.jar:/home/ynz/.m2/repository/org/springframework/spring-expression/6.1.8/spring-expression-6.1.8.jar:/home/ynz/.m2/repository/org/springframework/boot/spring-boot-starter-data-jpa/3.3.0/spring-boot-starter-data-jpa-3.3.0.jar:/home/ynz/.m2/repository/org/springframework/boot/spring-boot-starter-aop/3.3.0/spring-boot-starter-aop-3.3.0.jar:/home/ynz/.m2/repository/org/aspectj/aspectjweaver/1.9.22/aspectjweaver-1.9.22.jar:/home/ynz/.m2/repository/org/springframework/boot/spring-boot-starter-jdbc/3.3.0/spring-boot-starter-jdbc-3.3.0.jar:/home/ynz/.m2/repository/com/zaxxer/HikariCP/5.1.0/HikariCP-5.1.0.jar:/home/ynz/.m2/repository/org/springframework/spring-jdbc/6.1.8/spring-jdbc-6.1.8.jar:/home/ynz/.m2/repository/org/hibernate/orm/hibernate-core/6.5.2.Final/hibernate-core-6.5.2.Final.jar:/home/ynz/.m2/repository/jakarta/persistence/jakarta.persistence-api/3.1.0/jakarta.persistence-api-3.1.0.jar:/home/ynz/.m2/repository/jakarta/transaction/jakarta.transaction-api/2.0.1/jakarta.transaction-api-2.0.1.jar:/home/ynz/.m2/repository/org/jboss/logging/jboss-logging/3.5.3.Final/jboss-logging-3.5.3.Final.jar:/home/ynz/.m2/repository/org/hibernate/common/hibernate-commons-annotations/6.0.6.Final/hibernate-commons-annotations-6.0.6.Final.jar:/home/ynz/.m2/repository/io/smallrye/jandex/3.1.2/jandex-3.1.2.jar:/home/ynz/.m2/repository/com/fasterxml/classmate/1.7.0/classmate-1.7.0.jar:/home/ynz/.m2/repository/net/bytebuddy/byte-buddy/1.14.16/byte-buddy-1.14.16.jar:/home/ynz/.m2/repository/org/glassfish/jaxb/jaxb-runtime/4.0.5/jaxb-runtime-4.0.5.jar:/home/ynz/.m2/repository/org/glassfish/jaxb/jaxb-core/4.0.5/jaxb-core-4.0.5.jar:/home/ynz/.m2/repository/org/eclipse/angus/angus-activation/2.0.2/angus-activation-2.0.2.jar:/home/ynz/.m2/repository/org/glassfish/jaxb/txw2/4.0.5/txw2-4.0.5.jar:/home/ynz/.m2/repository/com/sun/istack/istack-commons-runtime/4.1.2/istack-commons-runtime-4.1.2.jar:/home/ynz/.m2/repository/jakarta/inject/jakarta.inject-api/2.0.1/jakarta.inject-api-2.0.1.jar:/home/ynz/.m2/repository/org/antlr/antlr4-runtime/4.13.0/antlr4-runtime-4.13.0.jar:/home/ynz/.m2/repository/org/springframework/data/spring-data-jpa/3.3.0/spring-data-jpa-3.3.0.jar:/home/ynz/.m2/repository/org/springframework/data/spring-data-commons/3.3.0/spring-data-commons-3.3.0.jar:/home/ynz/.m2/repository/org/springframework/spring-orm/6.1.8/spring-orm-6.1.8.jar:/home/ynz/.m2/repository/org/springframework/spring-tx/6.1.8/spring-tx-6.1.8.jar:/home/ynz/.m2/repository/org/springframework/spring-aspects/6.1.8/spring-aspects-6.1.8.jar:/home/ynz/.m2/repository/org/springframework/boot/spring-boot-starter-actuator/3.3.0/spring-boot-starter-actuator-3.3.0.jar:/home/ynz/.m2/repository/org/springframework/boot/spring-boot-actuator-autoconfigure/3.3.0/spring-boot-actuator-autoconfigure-3.3.0.jar:/home/ynz/.m2/repository/org/springframework/boot/spring-boot-actuator/3.3.0/spring-boot-actuator-3.3.0.jar:/home/ynz/.m2/repository/io/micrometer/micrometer-observation/1.13.0/micrometer-observation-1.13.0.jar:/home/ynz/.m2/repository/io/micrometer/micrometer-commons/1.13.0/micrometer-commons-1.13.0.jar:/home/ynz/.m2/repository/io/micrometer/micrometer-jakarta9/1.13.0/micrometer-jakarta9-1.13.0.jar:/home/ynz/.m2/repository/io/micrometer/micrometer-core/1.13.0/micrometer-core-1.13.0.jar:/home/ynz/.m2/repository/org/hdrhistogram/HdrHistogram/2.2.1/HdrHistogram-2.2.1.jar:/home/ynz/.m2/repository/org/latencyutils/LatencyUtils/2.0.3/LatencyUtils-2.0.3.jar:/home/ynz/.m2/repository/org/springframework/boot/spring-boot-starter-amqp/3.3.0/spring-boot-starter-amqp-3.3.0.jar:/home/ynz/.m2/repository/org/springframework/spring-messaging/6.1.8/spring-messaging-6.1.8.jar:/home/ynz/.m2/repository/org/springframework/amqp/spring-rabbit/3.1.5/spring-rabbit-3.1.5.jar:/home/ynz/.m2/repository/org/springframework/amqp/spring-amqp/3.1.5/spring-amqp-3.1.5.jar:/home/ynz/.m2/repository/org/springframework/retry/spring-retry/2.0.6/spring-retry-2.0.6.jar:/home/ynz/.m2/repository/com/rabbitmq/amqp-client/5.21.0/amqp-client-5.21.0.jar:/home/ynz/.m2/repository/org/springframework/boot/spring-boot-starter-websocket/3.3.0/spring-boot-starter-websocket-3.3.0.jar:/home/ynz/.m2/repository/org/springframework/spring-websocket/6.1.8/spring-websocket-6.1.8.jar:/home/ynz/.m2/repository/org/postgresql/postgresql/42.7.3/postgresql-42.7.3.jar:/home/ynz/.m2/repository/org/checkerframework/checker-qual/3.42.0/checker-qual-3.42.0.jar:/home/ynz/.m2/repository/io/hypersistence/hypersistence-utils-hibernate-60/3.9.4/hypersistence-utils-hibernate-60-3.9.4.jar:/home/ynz/.m2/repository/javax/xml/bind/jaxb-api/2.3.0/jaxb-api-2.3.0.jar:/home/ynz/.m2/repository/jakarta/xml/bind/jakarta.xml.bind-api/4.0.2/jakarta.xml.bind-api-4.0.2.jar:/home/ynz/.m2/repository/jakarta/activation/jakarta.activation-api/2.1.3/jakarta.activation-api-2.1.3.jar:/home/ynz/.m2/repository/io/hypersistence/hypersistence-tsid/2.1.4/hypersistence-tsid-2.1.4.jar:/home/ynz/.m2/repository/com/hierynomus/smbj/0.14.0/smbj-0.14.0.jar:/home/ynz/.m2/repository/org/slf4j/slf4j-api/2.0.13/slf4j-api-2.0.13.jar:/home/ynz/.m2/repository/org/bouncycastle/bcprov-jdk18on/1.79/bcprov-jdk18on-1.79.jar:/home/ynz/.m2/repository/net/engio/mbassador/1.3.0/mbassador-1.3.0.jar:/home/ynz/.m2/repository/com/hierynomus/asn-one/0.6.0/asn-one-0.6.0.jar:/home/ynz/.m2/repository/org/springframework/boot/spring-boot-devtools/3.3.0/spring-boot-devtools-3.3.0.jar:/home/ynz/.m2/repository/org/springframework/boot/spring-boot/3.3.0/spring-boot-3.3.0.jar:/home/ynz/.m2/repository/org/springframework/boot/spring-boot-autoconfigure/3.3.0/spring-boot-autoconfigure-3.3.0.jar:/home/ynz/.m2/repository/org/springframework/boot/spring-boot-starter-test/3.3.0/spring-boot-starter-test-3.3.0.jar:/home/ynz/.m2/repository/org/springframework/boot/spring-boot-test/3.3.0/spring-boot-test-3.3.0.jar:/home/ynz/.m2/repository/org/springframework/boot/spring-boot-test-autoconfigure/3.3.0/spring-boot-test-autoconfigure-3.3.0.jar:/home/ynz/.m2/repository/com/jayway/jsonpath/json-path/2.9.0/json-path-2.9.0.jar:/home/ynz/.m2/repository/net/minidev/json-smart/2.5.1/json-smart-2.5.1.jar:/home/ynz/.m2/repository/net/minidev/accessors-smart/2.5.1/accessors-smart-2.5.1.jar:/home/ynz/.m2/repository/org/ow2/asm/asm/9.6/asm-9.6.jar:/home/ynz/.m2/repository/org/assertj/assertj-core/3.25.3/assertj-core-3.25.3.jar:/home/ynz/.m2/repository/org/awaitility/awaitility/4.2.1/awaitility-4.2.1.jar:/home/ynz/.m2/repository/org/hamcrest/hamcrest/2.2/hamcrest-2.2.jar:/home/ynz/.m2/repository/org/junit/jupiter/junit-jupiter/5.10.2/junit-jupiter-5.10.2.jar:/home/ynz/.m2/repository/org/junit/jupiter/junit-jupiter-api/5.10.2/junit-jupiter-api-5.10.2.jar:/home/ynz/.m2/repository/org/opentest4j/opentest4j/1.3.0/opentest4j-1.3.0.jar:/home/ynz/.m2/repository/org/junit/platform/junit-platform-commons/1.10.2/junit-platform-commons-1.10.2.jar:/home/ynz/.m2/repository/org/apiguardian/apiguardian-api/1.1.2/apiguardian-api-1.1.2.jar:/home/ynz/.m2/repository/org/junit/jupiter/junit-jupiter-params/5.10.2/junit-jupiter-params-5.10.2.jar:/home/ynz/.m2/repository/org/junit/jupiter/junit-jupiter-engine/5.10.2/junit-jupiter-engine-5.10.2.jar:/home/ynz/.m2/repository/org/junit/platform/junit-platform-engine/1.10.2/junit-platform-engine-1.10.2.jar:/home/ynz/.m2/repository/org/mockito/mockito-core/5.11.0/mockito-core-5.11.0.jar:/home/ynz/.m2/repository/net/bytebuddy/byte-buddy-agent/1.14.16/byte-buddy-agent-1.14.16.jar:/home/ynz/.m2/repository/org/objenesis/objenesis/3.3/objenesis-3.3.jar:/home/ynz/.m2/repository/org/mockito/mockito-junit-jupiter/5.11.0/mockito-junit-jupiter-5.11.0.jar:/home/ynz/.m2/repository/org/skyscreamer/jsonassert/1.5.1/jsonassert-1.5.1.jar:/home/ynz/.m2/repository/com/vaadin/external/google/android-json/0.0.20131108.vaadin1/android-json-0.0.20131108.vaadin1.jar:/home/ynz/.m2/repository/org/springframework/spring-core/6.1.8/spring-core-6.1.8.jar:/home/ynz/.m2/repository/org/springframework/spring-jcl/6.1.8/spring-jcl-6.1.8.jar:/home/ynz/.m2/repository/org/springframework/spring-test/6.1.8/spring-test-6.1.8.jar:/home/ynz/.m2/repository/org/xmlunit/xmlunit-core/2.9.1/xmlunit-core-2.9.1.jar:/home/ynz/.m2/repository/org/flywaydb/flyway-core/11.11.2/flyway-core-11.11.2.jar:/home/ynz/.m2/repository/com/fasterxml/jackson/core/jackson-databind/2.17.1/jackson-databind-2.17.1.jar:/home/ynz/.m2/repository/com/fasterxml/jackson/core/jackson-annotations/2.17.1/jackson-annotations-2.17.1.jar:/home/ynz/.m2/repository/com/fasterxml/jackson/core/jackson-core/2.17.1/jackson-core-2.17.1.jar:/home/ynz/.m2/repository/org/flywaydb/flyway-database-postgresql/11.11.2/flyway-database-postgresql-11.11.2.jar:"/>
    <property name="java.vm.vendor" value="Oracle Corporation"/>
    <property name="sun.arch.data.model" value="64"/>
    <property name="java.vendor.url" value="https://java.oracle.com/"/>
    <property name="user.timezone" value="America/Sao_Paulo"/>
    <property name="os.name" value="Linux"/>
    <property name="java.vm.specification.version" value="23"/>
    <property name="sun.java.launcher" value="SUN_STANDARD"/>
    <property name="user.country" value="BR"/>
    <property name="sun.boot.library.path" value="/usr/lib/jvm/jdk-23.0.2-oracle-x64/lib"/>
    <property name="sun.java.command" value="/home/ynz/Documentos/organizador-producao/target/surefire/surefirebooter-20251006220348446_3.jar /home/ynz/Documentos/organizador-producao/target/surefire 2025-10-06T22-03-48_384-jvmRun1 surefire-20251006220348446_1tmp surefire_0-20251006220348446_2tmp"/>
    <property name="jdk.debug" value="release"/>
    <property name="surefire.test.class.path" value="/home/ynz/Documentos/organizador-producao/target/test-classes:/home/ynz/Documentos/organizador-producao/target/classes:/home/ynz/.m2/repository/org/springframework/boot/spring-boot-starter-web/3.3.0/spring-boot-starter-web-3.3.0.jar:/home/ynz/.m2/repository/org/springframework/boot/spring-boot-starter/3.3.0/spring-boot-starter-3.3.0.jar:/home/ynz/.m2/repository/org/springframework/boot/spring-boot-starter-logging/3.3.0/spring-boot-starter-logging-3.3.0.jar:/home/ynz/.m2/repository/ch/qos/logback/logback-classic/1.5.6/logback-classic-1.5.6.jar:/home/ynz/.m2/repository/ch/qos/logback/logback-core/1.5.6/logback-core-1.5.6.jar:/home/ynz/.m2/repository/org/apache/logging/log4j/log4j-to-slf4j/2.23.1/log4j-to-slf4j-2.23.1.jar:/home/ynz/.m2/repository/org/apache/logging/log4j/log4j-api/2.23.1/log4j-api-2.23.1.jar:/home/ynz/.m2/repository/org/slf4j/jul-to-slf4j/2.0.13/jul-to-slf4j-2.0.13.jar:/home/ynz/.m2/repository/jakarta/annotation/jakarta.annotation-api/2.1.1/jakarta.annotation-api-2.1.1.jar:/home/ynz/.m2/repository/org/yaml/snakeyaml/2.2/snakeyaml-2.2.jar:/home/ynz/.m2/repository/org/springframework/boot/spring-boot-starter-json/3.3.0/spring-boot-starter-json-3.3.0.jar:/home/ynz/.m2/repository/com/fasterxml/jackson/datatype/jackson-datatype-jdk8/2.17.1/jackson-datatype-jdk8-2.17.1.jar:/home/ynz/.m2/repository/com/fasterxml/jackson/datatype/jackson-datatype-jsr310/2.17.1/jackson-datatype-jsr310-2.17.1.jar:/home/ynz/.m2/repository/com/fasterxml/jackson/module/jackson-module-parameter-names/2.17.1/jackson-module-parameter-names-2.17.1.jar:/home/ynz/.m2/repository/org/springframework/boot/spring-boot-starter-tomcat/3.3.0/spring-boot-starter-tomcat-3.3.0.jar:/home/ynz/.m2/repository/org/apache/tomcat/embed/tomcat-embed-core/10.1.24/tomcat-embed-core-10.1.24.jar:/home/ynz/.m2/repository/org/apache/tomcat/embed/tomcat-embed-el/10.1.24/tomcat-embed-el-10.1.24.jar:/home/ynz/.m2/repository/org/apache/tomcat/embed/tomcat-embed-websocket/10.1.24/tomcat-embed-websocket-10.1.24.jar:/home/ynz/.m2/repository/org/springframework/spring-web/6.1.8/spring-web-6.1.8.jar:/home/ynz/.m2/repository/org/springframework/spring-beans/6.1.8/spring-beans-6.1.8.jar:/home/ynz/.m2/repository/org/springframework/spring-webmvc/6.1.8/spring-webmvc-6.1.8.jar:/home/ynz/.m2/repository/org/springframework/spring-aop/6.1.8/spring-aop-6.1.8.jar:/home/ynz/.m2/repository/org/springframework/spring-context/6.1.8/spring-context-6.1.8.jar:/home/ynz/.m2/repository/org/springframework/spring-expression/6.1.8/spring-expression-6.1.8.jar:/home/ynz/.m2/repository/org/springframework/boot/spring-boot-starter-data-jpa/3.3.0/spring-boot-starter-data-jpa-3.3.0.jar:/home/ynz/.m2/repository/org/springframework/boot/spring-boot-starter-aop/3.3.0/spring-boot-starter-aop-3.3.0.jar:/home/ynz/.m2/repository/org/aspectj/aspectjweaver/1.9.22/aspectjweaver-1.9.22.jar:/home/ynz/.m2/repository/org/springframework/boot/spring-boot-starter-jdbc/3.3.0/spring-boot-starter-jdbc-3.3.0.jar:/home/ynz/.m2/repository/com/zaxxer/HikariCP/5.1.0/HikariCP-5.1.0.jar:/home/ynz/.m2/repository/org/springframework/spring-jdbc/6.1.8/spring-jdbc-6.1.8.jar:/home/ynz/.m2/repository/org/hibernate/orm/hibernate-core/6.5.2.Final/hibernate-core-6.5.2.Final.jar:/home/ynz/.m2/repository/jakarta/persistence/jakarta.persistence-api/3.1.0/jakarta.persistence-api-3.1.0.jar:/home/ynz/.m2/repository/jakarta/transaction/jakarta.transaction-api/2.0.1/jakarta.transaction-api-2.0.1.jar:/home/ynz/.m2/repository/org/jboss/logging/jboss-logging/3.5.3.Final/jboss-logging-3.5.3.Final.jar:/home/ynz/.m2/repository/org/hibernate/common/hibernate-commons-annotations/6.0.6.Final/hibernate-commons-annotations-6.0.6.Final.jar:/home/ynz/.m2/repository/io/smallrye/jandex/3.1.2/jandex-3.1.2.jar:/home/ynz/.m2/repository/com/fasterxml/classmate/1.7.0/classmate-1.7.0.jar:/home/ynz/.m2/repository/net/bytebuddy/byte-buddy/1.14.16/byte-buddy-1.14.16.jar:/home/ynz/.m2/repository/org/glassfish/jaxb/jaxb-runtime/4.0.5/jaxb-runtime-4.0.5.jar:/home/ynz/.m2/repository/org/glassfish/jaxb/jaxb-core/4.0.5/jaxb-core-4.0.5.jar:/home/ynz/.m2/repository/org/eclipse/angus/angus-activation/2.0.2/angus-activation-2.0.2.jar:/home/ynz/.m2/repository/org/glassfish/jaxb/txw2/4.0.5/txw2-4.0.5.jar:/home/ynz/.m2/repository/com/sun/istack/istack-commons-runtime/4.1.2/istack-commons-runtime-4.1.2.jar:/home/ynz/.m2/repository/jakarta/inject/jakarta.inject-api/2.0.1/jakarta.inject-api-2.0.1.jar:/home/ynz/.m2/repository/org/antlr/antlr4-runtime/4.13.0/antlr4-runtime-4.13.0.jar:/home/ynz/.m2/repository/org/springframework/data/spring-data-jpa/3.3.0/spring-data-jpa-3.3.0.jar:/home/ynz/.m2/repository/org/springframework/data/spring-data-commons/3.3.0/spring-data-commons-3.3.0.jar:/home/ynz/.m2/repository/org/springframework/spring-orm/6.1.8/spring-orm-6.1.8.jar:/home/ynz/.m2/repository/org/springframework/spring-tx/6.1.8/spring-tx-6.1.8.jar:/home/ynz/.m2/repository/org/springframework/spring-aspects/6.1.8/spring-aspects-6.1.8.jar:/home/ynz/.m2/repository/org/springframework/boot/spring-boot-starter-actuator/3.3.0/spring-boot-starter-actuator-3.3.0.jar:/home/ynz/.m2/repository/org/springframework/boot/spring-boot-actuator-autoconfigure/3.3.0/spring-boot-actuator-autoconfigure-3.3.0.jar:/home/ynz/.m2/repository/org/springframework/boot/spring-boot-actuator/3.3.0/spring-boot-actuator-3.3.0.jar:/home/ynz/.m2/repository/io/micrometer/micrometer-observation/1.13.0/micrometer-observation-1.13.0.jar:/home/ynz/.m2/repository/io/micrometer/micrometer-commons/1.13.0/micrometer-commons-1.13.0.jar:/home/ynz/.m2/repository/io/micrometer/micrometer-jakarta9/1.13.0/micrometer-jakarta9-1.13.0.jar:/home/ynz/.m2/repository/io/micrometer/micrometer-core/1.13.0/micrometer-core-1.13.0.jar:/home/ynz/.m2/repository/org/hdrhistogram/HdrHistogram/2.2.1/HdrHistogram-2.2.1.jar:/home/ynz/.m2/repository/org/latencyutils/LatencyUtils/2.0.3/LatencyUtils-2.0.3.jar:/home/ynz/.m2/repository/org/springframework/boot/spring-boot-starter-amqp/3.3.0/spring-boot-starter-amqp-3.3.0.jar:/home/ynz/.m2/repository/org/springframework/spring-messaging/6.1.8/spring-messaging-6.1.8.jar:/home/ynz/.m2/repository/org/springframework/amqp/spring-rabbit/3.1.5/spring-rabbit-3.1.5.jar:/home/ynz/.m2/repository/org/springframework/amqp/spring-amqp/3.1.5/spring-amqp-3.1.5.jar:/home/ynz/.m2/repository/org/springframework/retry/spring-retry/2.0.6/spring-retry-2.0.6.jar:/home/ynz/.m2/repository/com/rabbitmq/amqp-client/5.21.0/amqp-client-5.21.0.jar:/home/ynz/.m2/repository/org/springframework/boot/spring-boot-starter-websocket/3.3.0/spring-boot-starter-websocket-3.3.0.jar:/home/ynz/.m2/repository/org/springframework/spring-websocket/6.1.8/spring-websocket-6.1.8.jar:/home/ynz/.m2/repository/org/postgresql/postgresql/42.7.3/postgresql-42.7.3.jar:/home/ynz/.m2/repository/org/checkerframework/checker-qual/3.42.0/checker-qual-3.42.0.jar:/home/ynz/.m2/repository/io/hypersistence/hypersistence-utils-hibernate-60/3.9.4/hypersistence-utils-hibernate-60-3.9.4.jar:/home/ynz/.m2/repository/javax/xml/bind/jaxb-api/2.3.0/jaxb-api-2.3.0.jar:/home/ynz/.m2/repository/jakarta/xml/bind/jakarta.xml.bind-api/4.0.2/jakarta.xml.bind-api-4.0.2.jar:/home/ynz/.m2/repository/jakarta/activation/jakarta.activation-api/2.1.3/jakarta.activation-api-2.1.3.jar:/home/ynz/.m2/repository/io/hypersistence/hypersistence-tsid/2.1.4/hypersistence-tsid-2.1.4.jar:/home/ynz/.m2/repository/com/hierynomus/smbj/0.14.0/smbj-0.14.0.jar:/home/ynz/.m2/repository/org/slf4j/slf4j-api/2.0.13/slf4j-api-2.0.13.jar:/home/ynz/.m2/repository/org/bouncycastle/bcprov-jdk18on/1.79/bcprov-jdk18on-1.79.jar:/home/ynz/.m2/repository/net/engio/mbassador/1.3.0/mbassador-1.3.0.jar:/home/ynz/.m2/repository/com/hierynomus/asn-one/0.6.0/asn-one-0.6.0.jar:/home/ynz/.m2/repository/org/springframework/boot/spring-boot-devtools/3.3.0/spring-boot-devtools-3.3.0.jar:/home/ynz/.m2/repository/org/springframework/boot/spring-boot/3.3.0/spring-boot-3.3.0.jar:/home/ynz/.m2/repository/org/springframework/boot/spring-boot-autoconfigure/3.3.0/spring-boot-autoconfigure-3.3.0.jar:/home/ynz/.m2/repository/org/springframework/boot/spring-boot-starter-test/3.3.0/spring-boot-starter-test-3.3.0.jar:/home/ynz/.m2/repository/org/springframework/boot/spring-boot-test/3.3.0/spring-boot-test-3.3.0.jar:/home/ynz/.m2/repository/org/springframework/boot/spring-boot-test-autoconfigure/3.3.0/spring-boot-test-autoconfigure-3.3.0.jar:/home/ynz/.m2/repository/com/jayway/jsonpath/json-path/2.9.0/json-path-2.9.0.jar:/home/ynz/.m2/repository/net/minidev/json-smart/2.5.1/json-smart-2.5.1.jar:/home/ynz/.m2/repository/net/minidev/accessors-smart/2.5.1/accessors-smart-2.5.1.jar:/home/ynz/.m2/repository/org/ow2/asm/asm/9.6/asm-9.6.jar:/home/ynz/.m2/repository/org/assertj/assertj-core/3.25.3/assertj-core-3.25.3.jar:/home/ynz/.m2/repository/org/awaitility/awaitility/4.2.1/awaitility-4.2.1.jar:/home/ynz/.m2/repository/org/hamcrest/hamcrest/2.2/hamcrest-2.2.jar:/home/ynz/.m2/repository/org/junit/jupiter/junit-jupiter/5.10.2/junit-jupiter-5.10.2.jar:/home/ynz/.m2/repository/org/junit/jupiter/junit-jupiter-api/5.10.2/junit-jupiter-api-5.10.2.jar:/home/ynz/.m2/repository/org/opentest4j/opentest4j/1.3.0/opentest4j-1.3.0.jar:/home/ynz/.m2/repository/org/junit/platform/junit-platform-commons/1.10.2/junit-platform-commons-1.10.2.jar:/home/ynz/.m2/repository/org/apiguardian/apiguardian-api/1.1.2/apiguardian-api-1.1.2.jar:/home/ynz/.m2/repository/org/junit/jupiter/junit-jupiter-params/5.10.2/junit-jupiter-params-5.10.2.jar:/home/ynz/.m2/repository/org/junit/jupiter/junit-jupiter-engine/5.10.2/junit-jupiter-engine-5.10.2.jar:/home/ynz/.m2/repository/org/junit/platform/junit-platform-engine/1.10.2/junit-platform-engine-1.10.2.jar:/home/ynz/.m2/repository/org/mockito/mockito-core/5.11.0/mockito-core-5.11.0.jar:/home/ynz/.m2/repository/net/bytebuddy/byte-buddy-agent/1.14.16/byte-buddy-agent-1.14.16.jar:/home/ynz/.m2/repository/org/objenesis/objenesis/3.3/objenesis-3.3.jar:/home/ynz/.m2/repository/org/mockito/mockito-junit-jupiter/5.11.0/mockito-junit-jupiter-5.11.0.jar:/home/ynz/.m2/repository/org/skyscreamer/jsonassert/1.5.1/jsonassert-1.5.1.jar:/home/ynz/.m2/repository/com/vaadin/external/google/android-json/0.0.20131108.vaadin1/android-json-0.0.20131108.vaadin1.jar:/home/ynz/.m2/repository/org/springframework/spring-core/6.1.8/spring-core-6.1.8.jar:/home/ynz/.m2/repository/org/springframework/spring-jcl/6.1.8/spring-jcl-6.1.8.jar:/home/ynz/.m2/repository/org/springframework/spring-test/6.1.8/spring-test-6.1.8.jar:/home/ynz/.m2/repository/org/xmlunit/xmlunit-core/2.9.1/xmlunit-core-2.9.1.jar:/home/ynz/.m2/repository/org/flywaydb/flyway-core/11.11.2/flyway-core-11.11.2.jar:/home/ynz/.m2/repository/com/fasterxml/jackson/core/jackson-databind/2.17.1/jackson-databind-2.17.1.jar:/home/ynz/.m2/repository/com/fasterxml/jackson/core/jackson-annotations/2.17.1/jackson-annotations-2.17.1.jar:/home/ynz/.m2/repository/com/fasterxml/jackson/core/jackson-core/2.17.1/jackson-core-2.17.1.jar:/home/ynz/.m2/repository/org/flywaydb/flyway-database-postgresql/11.11.2/flyway-database-postgresql-11.11.2.jar:"/>
    <property name="sun.cpu.endian" value="little"/>
    <property name="user.home" value="/home/ynz"/>
    <property name="user.language" value="pt"/>
    <property name="java.specification.vendor" value="Oracle Corporation"/>
    <property name="java.version.date" value="2025-01-21"/>
    <property name="java.home" value="/usr/lib/jvm/jdk-23.0.2-oracle-x64"/>
    <property name="file.separator" value="/"/>
    <property name="basedir" value="/home/ynz/Documentos/organizador-producao"/>
    <property name="java.vm.compressedOopsMode" value="Zero based"/>
    <property name="line.separator" value="&#10;"/>
    <property name="java.specification.name" value="Java Platform API Specification"/>
    <property name="java.vm.specification.vendor" value="Oracle Corporation"/>
    <property name="surefire.real.class.path" value="/home/ynz/Documentos/organizador-producao/target/surefire/surefirebooter-20251006220348446_3.jar"/>
    <property name="sun.management.compiler" value="HotSpot 64-Bit Tiered Compilers"/>
    <property name="java.runtime.version" value="23.0.2+7-58"/>
    <property name="user.name" value="ynz"/>
    <property name="stdout.encoding" value="UTF-8"/>
    <property name="path.separator" value=":"/>
    <property name="os.version" value="6.1.0-40-amd64"/>
    <property name="java.runtime.name" value="Java(TM) SE Runtime Environment"/>
    <property name="file.encoding" value="UTF-8"/>
    <property name="java.vm.name" value="Java HotSpot(TM) 64-Bit Server VM"/>
    <property name="localRepository" value="/home/ynz/.m2/repository"/>
    <property name="java.vendor.url.bug" value="https://bugreport.java.com/bugreport/"/>
    <property name="java.io.tmpdir" value="/tmp"/>
    <property name="java.version" value="23.0.2"/>
    <property name="user.dir" value="/home/ynz/Documentos/organizador-producao"/>
    <property name="os.arch" value="amd64"/>
    <property name="java.vm.specification.name" value="Java Virtual Machine Specification"/>
    <property name="native.encoding" value="UTF-8"/>
    <property name="java.library.path" value="/usr/java/packages/lib:/usr/lib64:/lib64:/lib:/usr/lib"/>
    <property name="java.vm.info" value="mixed mode, sharing"/>
    <property name="stderr.encoding" value="UTF-8"/>
    <property name="java.vendor" value="Oracle Corporation"/>
    <property name="java.vm.version" value="23.0.2+7-58"/>
    <property name="sun.io.unicode.encoding" value="UnicodeLittle"/>
    <property name="java.class.version" value="67.0"/>
  </properties>
  <testcase name="applyAutoProntoEntrega_MontadaSemVincoPromoveStatus" classname="git.yannynz.organizadorproducao.service.OrderStatusRulesTest" time="0.028"/>
  <testcase name="applyAutoProntoEntrega_EmborrachadaNaoPromove" classname="git.yannynz.organizadorproducao.service.OrderStatusRulesTest" time="0.002"/>
  <testcase name="applyAutoProntoEntrega_VincoConcluidoPromoveStatus" classname="git.yannynz.organizadorproducao.service.OrderStatusRulesTest" time="0.001"/>
  <testcase name="applyAutoProntoEntrega_StatusSuperiorNaoRegride" classname="git.yannynz.organizadorproducao.service.OrderStatusRulesTest" time="0.001"/>
</testsuite>